TN:
SF:/home/runner/work/arcgraph/arcgraph/crates/arcgraph-core/src/lib.rs
DA:1,1
DA:2,1
DA:3,1
DA:7,0
LF:4
LH:3
end_of_record
TN:
SF:/home/runner/work/arcgraph/arcgraph/crates/arcgraph-core/src/cache.rs
DA:10,5
DA:11,2
DA:12,0
DA:13,9
DA:14,1
DA:15,4
end_of_record
SF:/home/runner/work/arcgraph/arcgraph/crates/arcgraph-storage/src/wal.rs
DA:1,3
DA:2,3
DA:3,0
DA:4,0
DA:5,0
DA:6,1
DA:7,1
DA:8,1
DA:9,1
DA:bad
DA:10,1
end_of_record
SF:/home/runner/work/arcgraph/arcgraph/crates/arcgraph-core/tests/it.rs
DA:1,1
DA:2,1
end_of_record
SF:/home/runner/work/arcgraph/arcgraph/build.rs
DA:1,1
DA:2,1
end_of_record
SF:/home/runner/work/arcgraph/arcgraph/crates/arcgraph-empty/src/lib.rs
end_of_record
SF:/home/runner/work/arcgraph/arcgraph/crates/arcgraph-query/src/planner.rs
DA:1,1
DA:2,1
DA:3,1
DA:4,1
DA:5,1
DA:6,1
DA:7,1
DA:8,1
DA:9,1
DA:10,1
DA:11,1
DA:12,1
DA:13,1
DA:14,1
DA:15,1
DA:16,1
